2017-12-14 21:14:07,235 ERROR [main] - Statistics - Statistics file `C:\Users\M3\.scalaide\statistics` is corrupted. A new one is being created. Corrupted content was:

com.cedarsoftware.util.io.JsonIoException: error parsing JSON value
	at com.cedarsoftware.util.io.JsonReader.readObject(JsonReader.java:529)
	at com.cedarsoftware.util.io.JsonReader.jsonToJava(JsonReader.java:289)
	at com.cedarsoftware.util.io.JsonReader.jsonToJava(JsonReader.java:262)
	at org.scalaide.core.internal.statistics.Statistics.read(Statistics.scala:74)
	at org.scalaide.core.internal.statistics.Statistics.$anonfun$readStats$1(Statistics.scala:52)
	at org.scalaide.core.internal.statistics.Statistics.$anonfun$readStats$1$adapted(Statistics.scala:51)
	at org.scalaide.core.ScalaIdeDataStore$.$anonfun$validate$2(ScalaIdeDataStore.scala:59)
	at org.scalaide.util.eclipse.EclipseUtils$$anon$3.run(EclipseUtils.scala:230)
	at org.eclipse.core.runtime.SafeRunner.run(SafeRunner.java:42)
	at org.scalaide.util.eclipse.EclipseUtils$.withSafeRunner(EclipseUtils.scala:226)
	at org.scalaide.core.ScalaIdeDataStore$.validate(ScalaIdeDataStore.scala:59)
	at org.scalaide.core.internal.statistics.Statistics.readStats(Statistics.scala:51)
	at org.scalaide.core.internal.statistics.Statistics.<init>(Statistics.scala:30)
	at org.scalaide.core.internal.ScalaPlugin.stats$lzycompute(ScalaPlugin.scala:135)
	at org.scalaide.core.internal.ScalaPlugin.stats(ScalaPlugin.scala:135)
	at org.scalaide.core.internal.ScalaPlugin.statistics(ScalaPlugin.scala:138)
	at org.scalaide.core.internal.ScalaPlugin.start(ScalaPlugin.scala:109)
	at org.eclipse.osgi.internal.framework.BundleContextImpl$3.run(BundleContextImpl.java:779)
	at org.eclipse.osgi.internal.framework.BundleContextImpl$3.run(BundleContextImpl.java:1)
	at java.security.AccessController.doPrivileged(Native Method)
	at org.eclipse.osgi.internal.framework.BundleContextImpl.startActivator(BundleContextImpl.java:772)
	at org.eclipse.osgi.internal.framework.BundleContextImpl.start(BundleContextImpl.java:729)
	at org.eclipse.osgi.internal.framework.EquinoxBundle.startWorker0(EquinoxBundle.java:933)
	at org.eclipse.osgi.internal.framework.EquinoxBundle$EquinoxModule.startWorker(EquinoxBundle.java:309)
	at org.eclipse.osgi.container.Module.doStart(Module.java:581)
	at org.eclipse.osgi.container.Module.start(Module.java:449)
	at org.eclipse.osgi.framework.util.SecureAction.start(SecureAction.java:468)
	at org.eclipse.osgi.internal.hooks.EclipseLazyStarter.postFindLocalClass(EclipseLazyStarter.java:103)
	at org.eclipse.osgi.internal.loader.classpath.ClasspathManager.findLocalClass(ClasspathManager.java:529)
	at org.eclipse.osgi.internal.loader.ModuleClassLoader.findLocalClass(ModuleClassLoader.java:328)
	at org.eclipse.osgi.internal.loader.BundleLoader.findLocalClass(BundleLoader.java:368)
	at org.eclipse.osgi.internal.loader.BundleLoader.findClassInternal(BundleLoader.java:446)
	at org.eclipse.osgi.internal.loader.BundleLoader.findClass(BundleLoader.java:395)
	at org.eclipse.osgi.internal.loader.BundleLoader.findClass(BundleLoader.java:387)
	at org.eclipse.osgi.internal.loader.ModuleClassLoader.loadClass(ModuleClassLoader.java:150)
	at java.lang.ClassLoader.loadClass(Unknown Source)
	at org.eclipse.osgi.internal.framework.EquinoxBundle.loadClass(EquinoxBundle.java:564)
	at org.eclipse.core.internal.registry.osgi.RegistryStrategyOSGI.createExecutableExtension(RegistryStrategyOSGI.java:174)
	at org.eclipse.core.internal.registry.ExtensionRegistry.createExecutableExtension(ExtensionRegistry.java:905)
	at org.eclipse.core.internal.registry.ConfigurationElement.createExecutableExtension(ConfigurationElement.java:243)
	at org.eclipse.core.internal.registry.ConfigurationElementHandle.createExecutableExtension(ConfigurationElementHandle.java:55)
	at org.eclipse.ui.internal.registry.PerspectiveDescriptor.createFactory(PerspectiveDescriptor.java:75)
	at org.eclipse.ui.internal.WorkbenchPage.createPerspective(WorkbenchPage.java:4172)
	at org.eclipse.ui.internal.WorkbenchPage.setPerspective(WorkbenchPage.java:4081)
	at org.eclipse.ui.internal.WorkbenchWindow.setup(WorkbenchWindow.java:744)
	at sun.reflect.NativeMethodAccessorImpl.invoke0(Native Method)
	at sun.reflect.NativeMethodAccessorImpl.invoke(Unknown Source)
	at sun.reflect.DelegatingMethodAccessorImpl.invoke(Unknown Source)
	at java.lang.reflect.Method.invoke(Unknown Source)
	at org.eclipse.e4.core.internal.di.MethodRequestor.execute(MethodRequestor.java:55)
	at org.eclipse.e4.core.internal.di.InjectorImpl.processAnnotated(InjectorImpl.java:990)
	at org.eclipse.e4.core.internal.di.InjectorImpl.inject(InjectorImpl.java:124)
	at org.eclipse.e4.core.internal.di.InjectorImpl.inject(InjectorImpl.java:91)
	at org.eclipse.e4.core.contexts.ContextInjectionFactory.inject(ContextInjectionFactory.java:73)
	at org.eclipse.ui.internal.Workbench.createWorkbenchWindow(Workbench.java:1494)
	at org.eclipse.ui.internal.Workbench.getActiveWorkbenchWindow(Workbench.java:1468)
	at org.eclipse.ui.internal.services.WorkbenchSourceProvider.updateActiveShell(WorkbenchSourceProvider.java:907)
	at org.eclipse.ui.internal.services.WorkbenchSourceProvider.getCurrentState(WorkbenchSourceProvider.java:115)
	at org.eclipse.ui.internal.services.WorkbenchSourceProvider.lambda$2(WorkbenchSourceProvider.java:668)
	at org.eclipse.swt.widgets.EventTable.sendEvent(EventTable.java:86)
	at org.eclipse.swt.widgets.Display.filterEvent(Display.java:1271)
	at org.eclipse.swt.widgets.Widget.sendEvent(Widget.java:1078)
	at org.eclipse.swt.widgets.Widget.sendEvent(Widget.java:1103)
	at org.eclipse.swt.widgets.Widget.sendEvent(Widget.java:1088)
	at org.eclipse.swt.widgets.Decorations.WM_ACTIVATE(Decorations.java:1698)
	at org.eclipse.swt.widgets.Shell.WM_ACTIVATE(Shell.java:2277)
	at org.eclipse.swt.widgets.Control.windowProc(Control.java:4840)
	at org.eclipse.swt.widgets.Canvas.windowProc(Canvas.java:359)
	at org.eclipse.swt.widgets.Decorations.windowProc(Decorations.java:1657)
	at org.eclipse.swt.widgets.Shell.windowProc(Shell.java:2199)
	at org.eclipse.swt.widgets.Display.windowProc(Display.java:5178)
	at org.eclipse.swt.internal.win32.OS.BringWindowToTop(Native Method)
	at org.eclipse.swt.widgets.Decorations.bringToTop(Decorations.java:232)
	at org.eclipse.swt.widgets.Shell.open(Shell.java:1270)
	at org.eclipse.e4.ui.workbench.renderers.swt.WBWRenderer.postProcess(WBWRenderer.java:784)
	at org.eclipse.e4.ui.internal.workbench.swt.PartRenderingEngine.safeCreateGui(PartRenderingEngine.java:679)
	at org.eclipse.e4.ui.internal.workbench.swt.PartRenderingEngine.safeCreateGui(PartRenderingEngine.java:767)
	at org.eclipse.e4.ui.internal.workbench.swt.PartRenderingEngine.access$0(PartRenderingEngine.java:738)
	at org.eclipse.e4.ui.internal.workbench.swt.PartRenderingEngine$2.run(PartRenderingEngine.java:732)
	at org.eclipse.core.runtime.SafeRunner.run(SafeRunner.java:42)
	at org.eclipse.e4.ui.internal.workbench.swt.PartRenderingEngine.createGui(PartRenderingEngine.java:716)
	at org.eclipse.e4.ui.internal.workbench.swt.PartRenderingEngine$5.run(PartRenderingEngine.java:1076)
	at org.eclipse.core.databinding.observable.Realm.runWithDefault(Realm.java:336)
	at org.eclipse.e4.ui.internal.workbench.swt.PartRenderingEngine.run(PartRenderingEngine.java:1039)
	at org.eclipse.e4.ui.internal.workbench.E4Workbench.createAndRunUI(E4Workbench.java:153)
	at org.eclipse.ui.internal.Workbench.lambda$3(Workbench.java:680)
	at org.eclipse.core.databinding.observable.Realm.runWithDefault(Realm.java:336)
	at org.eclipse.ui.internal.Workbench.createAndRunWorkbench(Workbench.java:594)
	at org.eclipse.ui.PlatformUI.createAndRunWorkbench(PlatformUI.java:148)
	at org.eclipse.ui.internal.ide.application.IDEApplication.start(IDEApplication.java:151)
	at org.eclipse.equinox.internal.app.EclipseAppHandle.run(EclipseAppHandle.java:196)
	at org.eclipse.core.runtime.internal.adaptor.EclipseAppLauncher.runApplication(EclipseAppLauncher.java:134)
	at org.eclipse.core.runtime.internal.adaptor.EclipseAppLauncher.start(EclipseAppLauncher.java:104)
	at org.eclipse.core.runtime.adaptor.EclipseStarter.run(EclipseStarter.java:388)
	at org.eclipse.core.runtime.adaptor.EclipseStarter.run(EclipseStarter.java:243)
	at sun.reflect.NativeMethodAccessorImpl.invoke0(Native Method)
	at sun.reflect.NativeMethodAccessorImpl.invoke(Unknown Source)
	at sun.reflect.DelegatingMethodAccessorImpl.invoke(Unknown Source)
	at java.lang.reflect.Method.invoke(Unknown Source)
	at org.eclipse.equinox.launcher.Main.invokeFramework(Main.java:653)
	at org.eclipse.equinox.launcher.Main.basicRun(Main.java:590)
	at org.eclipse.equinox.launcher.Main.run(Main.java:1499)
Caused by: com.cedarsoftware.util.io.JsonIoException: EOF reached prematurely
	at com.cedarsoftware.util.io.JsonParser.error(JsonParser.java:584)
	at com.cedarsoftware.util.io.JsonParser.readValue(JsonParser.java:278)
	at com.cedarsoftware.util.io.JsonReader.readObject(JsonReader.java:521)
	... 101 more
2017-12-14 21:14:27,256  WARN [ModalContext] - ScalaProject - Project iautoshop has platform default sourceLevel.
2017-12-14 21:14:27,256  WARN [ModalContext] - ScalaProject - Project iautoshop runs on platform default installation.
2017-12-14 21:14:28,858  WARN [ModalContext] - ScalaProject - Project iautoshop has platform default sourceLevel.
2017-12-14 21:14:28,858  WARN [ModalContext] - ScalaProject - Project iautoshop runs on platform default installation.
2017-12-14 21:14:29,561  WARN [Worker-3] - ScalaProject - Project iautoshop has platform default sourceLevel.
2017-12-14 21:14:29,561  WARN [Worker-3] - ScalaProject - Project iautoshop runs on platform default installation.
2017-12-14 21:14:30,847  WARN [main] - org.scala-ide.sdt.core - org.scala-ide.sdt.core - org.scala-ide.sdt.core - 0 - Preference scala.compiler.sourceLevel was uninitialized for iautoshop, setting default to 2.12.
2017-12-14 21:14:30,863  WARN [main] - org.scala-ide.sdt.core - org.scala-ide.sdt.core - org.scala-ide.sdt.core - 0 - Preference scala.compiler.installation was uninitialized for iautoshop, setting default to 2.12.
2017-12-14 21:49:26,729 ERROR [Text Viewer Hover Presenter] - IScalaPresentationCompiler$ - Ignoring InterruptException
2017-12-14 21:49:26,730 ERROR [Text Viewer Hover Presenter] - IScalaPresentationCompiler$ - Ignoring InterruptException
2017-12-14 22:27:07,960 ERROR [Text Viewer Hover Presenter] - IScalaPresentationCompiler$ - Ignoring InterruptException
2017-12-14 22:27:07,961 ERROR [Text Viewer Hover Presenter] - IScalaPresentationCompiler$ - Ignoring InterruptException
2017-12-14 22:27:07,961 ERROR [Text Viewer Hover Presenter] - IScalaPresentationCompiler$ - Ignoring InterruptException
2017-12-14 22:57:16,453  WARN [main] - org.scala-ide.sdt.core - org.scala-ide.sdt.core - org.scala-ide.sdt.core - 0 - Preference scala.compiler.sourceLevel was uninitialized for iautoshop, setting default to 2.12.
2017-12-14 22:57:16,463  WARN [main] - org.scala-ide.sdt.core - org.scala-ide.sdt.core - org.scala-ide.sdt.core - 0 - Preference scala.compiler.installation was uninitialized for iautoshop, setting default to 2.12.
2017-12-14 23:01:40,363  WARN [org.scalaide.ui.internal.reconciliation.ScalaReconciler] - ImplicitHighlightingPresenter - Timeout while waiting for `askLoadedTyped` during semantic highlighting.
2017-12-14 23:02:56,217 ERROR [Text Viewer Hover Presenter] - IScalaPresentationCompiler$ - Ignoring InterruptException
2017-12-14 23:02:56,221 ERROR [Text Viewer Hover Presenter] - IScalaPresentationCompiler$ - Ignoring InterruptException
2017-12-14 23:02:56,221 ERROR [Text Viewer Hover Presenter] - IScalaPresentationCompiler$ - Ignoring InterruptException
2017-12-14 23:02:56,221 ERROR [Text Viewer Hover Presenter] - IScalaPresentationCompiler$ - Ignoring InterruptException
2017-12-14 23:12:56,128  WARN [org.scalaide.ui.internal.reconciliation.ScalaReconciler] - TraverserImpl$ - Skipping annotation, position length = 0, position offset = 27
2017-12-14 23:12:57,195  WARN [org.scalaide.ui.internal.reconciliation.ScalaReconciler] - TraverserImpl$ - Skipping annotation, position length = 0, position offset = 27
2017-12-14 23:28:06,711 ERROR [Worker-14] - EclipseSbtBuildManager - ## Exception when compiling 3 sources to [C:\Applications\VCASoft\iautoshop\bin, C:\Applications\VCASoft\iautoshop\bin, C:\Applications\VCASoft\iautoshop\bin]
C:\Applications\VCASoft\iautoshop\target\scala-2.12\twirl\main does not exist or is not a directory
scala.tools.nsc.settings.MutableSettings$OutputDirs.checkDir(MutableSettings.scala:278)
scala.tools.nsc.settings.MutableSettings$OutputDirs.add(MutableSettings.scala:268)
xsbt.CachedCompiler0.$anonfun$new$1(CompilerInterface.scala:69)
xsbt.CachedCompiler0.$anonfun$new$1$adapted(CompilerInterface.scala:67)
scala.collection.IndexedSeqOptimized.foreach(IndexedSeqOptimized.scala:32)
scala.collection.IndexedSeqOptimized.foreach$(IndexedSeqOptimized.scala:29)
scala.collection.mutable.ArrayOps$ofRef.foreach(ArrayOps.scala:191)
xsbt.CachedCompiler0.<init>(CompilerInterface.scala:67)
xsbt.CompilerInterface.newCompiler(CompilerInterface.scala:23)
sun.reflect.NativeMethodAccessorImpl.invoke0(Native Method)
sun.reflect.NativeMethodAccessorImpl.invoke(Unknown Source)
sun.reflect.DelegatingMethodAccessorImpl.invoke(Unknown Source)
java.lang.reflect.Method.invoke(Unknown Source)
sbt.internal.inc.AnalyzingCompiler.call(AnalyzingCompiler.scala:237)
sbt.internal.inc.AnalyzingCompiler.newCachedCompiler(AnalyzingCompiler.scala:134)
sbt.internal.inc.AnalyzingCompiler.newCachedCompiler(AnalyzingCompiler.scala:121)
sbt.internal.inc.FreshCompilerCache.apply(CompilerCache.scala:78)
sbt.internal.inc.AnalyzingCompiler.compile(AnalyzingCompiler.scala:88)
sbt.internal.inc.MixedAnalyzingCompiler.$anonfun$compile$3(MixedAnalyzingCompiler.scala:81)
scala.runtime.java8.JFunction0$mcV$sp.apply(JFunction0$mcV$sp.java:12)
sbt.internal.inc.MixedAnalyzingCompiler.timed(MixedAnalyzingCompiler.scala:132)
sbt.internal.inc.MixedAnalyzingCompiler.compileScala$1(MixedAnalyzingCompiler.scala:72)
sbt.internal.inc.MixedAnalyzingCompiler.compile(MixedAnalyzingCompiler.scala:115)
sbt.internal.inc.IncrementalCompilerImpl.$anonfun$compileInternal$1(IncrementalCompilerImpl.scala:305)
sbt.internal.inc.IncrementalCompilerImpl.$anonfun$compileInternal$1$adapted(IncrementalCompilerImpl.scala:305)
sbt.internal.inc.Incremental$.doCompile(Incremental.scala:101)
sbt.internal.inc.Incremental$.$anonfun$compile$4(Incremental.scala:82)
sbt.internal.inc.IncrementalCommon.recompileClasses(IncrementalCommon.scala:118)
sbt.internal.inc.IncrementalCommon.cycle(IncrementalCommon.scala:64)
sbt.internal.inc.Incremental$.$anonfun$compile$3(Incremental.scala:84)
sbt.internal.inc.Incremental$.manageClassfiles(Incremental.scala:129)
sbt.internal.inc.Incremental$.compile(Incremental.scala:75)
sbt.internal.inc.IncrementalCompile$.apply(Compile.scala:70)
sbt.internal.inc.IncrementalCompilerImpl.compileInternal(IncrementalCompilerImpl.scala:309)
sbt.internal.inc.IncrementalCompilerImpl.$anonfun$compileIncrementally$1(IncrementalCompilerImpl.scala:267)
sbt.internal.inc.IncrementalCompilerImpl.handleCompilationError(IncrementalCompilerImpl.scala:158)
sbt.internal.inc.IncrementalCompilerImpl.compileIncrementally(IncrementalCompilerImpl.scala:237)
sbt.internal.inc.IncrementalCompilerImpl.compile(IncrementalCompilerImpl.scala:145)
org.scalaide.core.internal.builder.zinc.CachingCompiler.compile(CachingCompiler.scala:56)
org.scalaide.core.internal.builder.zinc.EclipseSbtBuildManager.aggressiveCompile(EclipseSbtBuildManager.scala:219)
org.scalaide.core.internal.builder.zinc.EclipseSbtBuildManager.runCompiler(EclipseSbtBuildManager.scala:152)
org.scalaide.core.internal.builder.zinc.EclipseSbtBuildManager.update(EclipseSbtBuildManager.scala:134)
org.scalaide.core.internal.builder.zinc.EclipseSbtBuildManager.build(EclipseSbtBuildManager.scala:85)
org.scalaide.core.internal.project.scopes.BuildScopeUnit.build(BuildScopeUnit.scala:72)
org.scalaide.core.internal.project.SbtScopesBuildManager.$anonfun$build$3(SbtScopesBuildManager.scala:53)
org.scalaide.core.internal.project.SbtScopesBuildManager.$anonfun$build$3$adapted(SbtScopesBuildManager.scala:50)
scala.collection.immutable.List.foreach(List.scala:389)
org.scalaide.core.internal.project.SbtScopesBuildManager.build(SbtScopesBuildManager.scala:50)
org.scalaide.core.internal.project.ScalaProject.build(ScalaProject.scala:596)
org.scalaide.core.internal.builder.ScalaBuilder.build(ScalaBuilder.scala:111)
org.eclipse.core.internal.events.BuildManager$2.run(BuildManager.java:735)
org.eclipse.core.runtime.SafeRunner.run(SafeRunner.java:42)
org.eclipse.core.internal.events.BuildManager.basicBuild(BuildManager.java:206)
org.eclipse.core.internal.events.BuildManager.basicBuild(BuildManager.java:246)
org.eclipse.core.internal.events.BuildManager$1.run(BuildManager.java:301)
org.eclipse.core.runtime.SafeRunner.run(SafeRunner.java:42)
org.eclipse.core.internal.events.BuildManager.basicBuild(BuildManager.java:304)
org.eclipse.core.internal.events.BuildManager.basicBuildLoop(BuildManager.java:360)
org.eclipse.core.internal.events.BuildManager.build(BuildManager.java:383)
org.eclipse.core.internal.events.AutoBuildJob.doBuild(AutoBuildJob.java:142)
org.eclipse.core.internal.events.AutoBuildJob.run(AutoBuildJob.java:232)
org.eclipse.core.internal.jobs.Worker.run(Worker.java:56)
           
2017-12-14 23:28:06,720 ERROR [main] - org.scala-ide.sdt.core - org.scala-ide.sdt.core - org.scala-ide.sdt.core - 0 - Error in Scala compiler
scala.reflect.internal.FatalError: C:\Applications\VCASoft\iautoshop\target\scala-2.12\twirl\main does not exist or is not a directory
	at scala.tools.nsc.settings.MutableSettings$OutputDirs.checkDir(MutableSettings.scala:278)
	at scala.tools.nsc.settings.MutableSettings$OutputDirs.add(MutableSettings.scala:268)
	at xsbt.CachedCompiler0.$anonfun$new$1(CompilerInterface.scala:69)
	at xsbt.CachedCompiler0.$anonfun$new$1$adapted(CompilerInterface.scala:67)
	at scala.collection.IndexedSeqOptimized.foreach(IndexedSeqOptimized.scala:32)
	at scala.collection.IndexedSeqOptimized.foreach$(IndexedSeqOptimized.scala:29)
	at scala.collection.mutable.ArrayOps$ofRef.foreach(ArrayOps.scala:191)
	at xsbt.CachedCompiler0.<init>(CompilerInterface.scala:67)
	at xsbt.CompilerInterface.newCompiler(CompilerInterface.scala:23)
	at sun.reflect.NativeMethodAccessorImpl.invoke0(Native Method)
	at sun.reflect.NativeMethodAccessorImpl.invoke(Unknown Source)
	at sun.reflect.DelegatingMethodAccessorImpl.invoke(Unknown Source)
	at java.lang.reflect.Method.invoke(Unknown Source)
	at sbt.internal.inc.AnalyzingCompiler.call(AnalyzingCompiler.scala:237)
	at sbt.internal.inc.AnalyzingCompiler.newCachedCompiler(AnalyzingCompiler.scala:134)
	at sbt.internal.inc.AnalyzingCompiler.newCachedCompiler(AnalyzingCompiler.scala:121)
	at sbt.internal.inc.FreshCompilerCache.apply(CompilerCache.scala:78)
	at sbt.internal.inc.AnalyzingCompiler.compile(AnalyzingCompiler.scala:88)
	at sbt.internal.inc.MixedAnalyzingCompiler.$anonfun$compile$3(MixedAnalyzingCompiler.scala:81)
	at scala.runtime.java8.JFunction0$mcV$sp.apply(JFunction0$mcV$sp.java:12)
	at sbt.internal.inc.MixedAnalyzingCompiler.timed(MixedAnalyzingCompiler.scala:132)
	at sbt.internal.inc.MixedAnalyzingCompiler.compileScala$1(MixedAnalyzingCompiler.scala:72)
	at sbt.internal.inc.MixedAnalyzingCompiler.compile(MixedAnalyzingCompiler.scala:115)
	at sbt.internal.inc.IncrementalCompilerImpl.$anonfun$compileInternal$1(IncrementalCompilerImpl.scala:305)
	at sbt.internal.inc.IncrementalCompilerImpl.$anonfun$compileInternal$1$adapted(IncrementalCompilerImpl.scala:305)
	at sbt.internal.inc.Incremental$.doCompile(Incremental.scala:101)
	at sbt.internal.inc.Incremental$.$anonfun$compile$4(Incremental.scala:82)
	at sbt.internal.inc.IncrementalCommon.recompileClasses(IncrementalCommon.scala:118)
	at sbt.internal.inc.IncrementalCommon.cycle(IncrementalCommon.scala:64)
	at sbt.internal.inc.Incremental$.$anonfun$compile$3(Incremental.scala:84)
	at sbt.internal.inc.Incremental$.manageClassfiles(Incremental.scala:129)
	at sbt.internal.inc.Incremental$.compile(Incremental.scala:75)
	at sbt.internal.inc.IncrementalCompile$.apply(Compile.scala:70)
	at sbt.internal.inc.IncrementalCompilerImpl.compileInternal(IncrementalCompilerImpl.scala:309)
	at sbt.internal.inc.IncrementalCompilerImpl.$anonfun$compileIncrementally$1(IncrementalCompilerImpl.scala:267)
	at sbt.internal.inc.IncrementalCompilerImpl.handleCompilationError(IncrementalCompilerImpl.scala:158)
	at sbt.internal.inc.IncrementalCompilerImpl.compileIncrementally(IncrementalCompilerImpl.scala:237)
	at sbt.internal.inc.IncrementalCompilerImpl.compile(IncrementalCompilerImpl.scala:145)
	at org.scalaide.core.internal.builder.zinc.CachingCompiler.compile(CachingCompiler.scala:56)
	at org.scalaide.core.internal.builder.zinc.EclipseSbtBuildManager.aggressiveCompile(EclipseSbtBuildManager.scala:219)
	at org.scalaide.core.internal.builder.zinc.EclipseSbtBuildManager.runCompiler(EclipseSbtBuildManager.scala:152)
	at org.scalaide.core.internal.builder.zinc.EclipseSbtBuildManager.update(EclipseSbtBuildManager.scala:134)
	at org.scalaide.core.internal.builder.zinc.EclipseSbtBuildManager.build(EclipseSbtBuildManager.scala:85)
	at org.scalaide.core.internal.project.scopes.BuildScopeUnit.build(BuildScopeUnit.scala:72)
	at org.scalaide.core.internal.project.SbtScopesBuildManager.$anonfun$build$3(SbtScopesBuildManager.scala:53)
	at org.scalaide.core.internal.project.SbtScopesBuildManager.$anonfun$build$3$adapted(SbtScopesBuildManager.scala:50)
	at scala.collection.immutable.List.foreach(List.scala:389)
	at org.scalaide.core.internal.project.SbtScopesBuildManager.build(SbtScopesBuildManager.scala:50)
	at org.scalaide.core.internal.project.ScalaProject.build(ScalaProject.scala:596)
	at org.scalaide.core.internal.builder.ScalaBuilder.build(ScalaBuilder.scala:111)
	at org.eclipse.core.internal.events.BuildManager$2.run(BuildManager.java:735)
	at org.eclipse.core.runtime.SafeRunner.run(SafeRunner.java:42)
	at org.eclipse.core.internal.events.BuildManager.basicBuild(BuildManager.java:206)
	at org.eclipse.core.internal.events.BuildManager.basicBuild(BuildManager.java:246)
	at org.eclipse.core.internal.events.BuildManager$1.run(BuildManager.java:301)
	at org.eclipse.core.runtime.SafeRunner.run(SafeRunner.java:42)
	at org.eclipse.core.internal.events.BuildManager.basicBuild(BuildManager.java:304)
	at org.eclipse.core.internal.events.BuildManager.basicBuildLoop(BuildManager.java:360)
	at org.eclipse.core.internal.events.BuildManager.build(BuildManager.java:383)
	at org.eclipse.core.internal.events.AutoBuildJob.doBuild(AutoBuildJob.java:142)
	at org.eclipse.core.internal.events.AutoBuildJob.run(AutoBuildJob.java:232)
	at org.eclipse.core.internal.jobs.Worker.run(Worker.java:56)
2017-12-14 23:32:58,244 ERROR [Text Viewer Hover Presenter] - IScalaPresentationCompiler$ - Ignoring InterruptException
2017-12-14 23:32:58,244 ERROR [Text Viewer Hover Presenter] - IScalaPresentationCompiler$ - Ignoring InterruptException
2017-12-14 23:32:58,244 ERROR [Text Viewer Hover Presenter] - IScalaPresentationCompiler$ - Ignoring InterruptException
2017-12-15 00:02:39,306  WARN [main] - org.scala-ide.sdt.core - org.scala-ide.sdt.core - org.scala-ide.sdt.core - 0 - Preference scala.compiler.sourceLevel was uninitialized for iautoshop, setting default to 2.12.
2017-12-15 00:02:39,321  WARN [main] - org.scala-ide.sdt.core - org.scala-ide.sdt.core - org.scala-ide.sdt.core - 0 - Preference scala.compiler.installation was uninitialized for iautoshop, setting default to 2.12.
2017-12-15 00:12:46,647 ERROR [Text Viewer Hover Presenter] - IScalaPresentationCompiler$ - Ignoring InterruptException
2017-12-15 00:12:46,647 ERROR [Text Viewer Hover Presenter] - IScalaPresentationCompiler$ - Ignoring InterruptException
2017-12-15 06:48:47,383  WARN [main] - org.scala-ide.sdt.core - org.scala-ide.sdt.core - org.scala-ide.sdt.core - 0 - Preference scala.compiler.sourceLevel was uninitialized for iautoshop, setting default to 2.12.
2017-12-15 06:48:47,414  WARN [main] - org.scala-ide.sdt.core - org.scala-ide.sdt.core - org.scala-ide.sdt.core - 0 - Preference scala.compiler.installation was uninitialized for iautoshop, setting default to 2.12.
2017-12-15 07:02:38,192  WARN [org.scalaide.ui.internal.reconciliation.ScalaReconciler] - TraverserImpl$ - Skipping annotation, position length = 0, position offset = 27
2017-12-15 07:02:38,223  WARN [org.scalaide.ui.internal.reconciliation.ScalaReconciler] - TraverserImpl$ - Skipping annotation, position length = 0, position offset = 27
2017-12-15 07:02:38,223  WARN [org.scalaide.ui.internal.reconciliation.ScalaReconciler] - TraverserImpl$ - Skipping annotation, position length = 0, position offset = 27
2017-12-15 07:02:39,277  WARN [org.scalaide.ui.internal.reconciliation.ScalaReconciler] - TraverserImpl$ - Skipping annotation, position length = 0, position offset = 27
2017-12-15 07:02:39,278  WARN [org.scalaide.ui.internal.reconciliation.ScalaReconciler] - TraverserImpl$ - Skipping annotation, position length = 0, position offset = 27
2017-12-15 07:02:39,278  WARN [org.scalaide.ui.internal.reconciliation.ScalaReconciler] - TraverserImpl$ - Skipping annotation, position length = 0, position offset = 27
2017-12-15 07:02:39,795  WARN [org.scalaide.ui.internal.reconciliation.ScalaReconciler] - TraverserImpl$ - Skipping annotation, position length = 0, position offset = 27
2017-12-15 07:02:39,795  WARN [org.scalaide.ui.internal.reconciliation.ScalaReconciler] - TraverserImpl$ - Skipping annotation, position length = 0, position offset = 27
2017-12-15 07:02:39,810  WARN [org.scalaide.ui.internal.reconciliation.ScalaReconciler] - TraverserImpl$ - Skipping annotation, position length = 0, position offset = 27
2017-12-15 07:17:47,578 ERROR [Text Viewer Hover Presenter] - IScalaPresentationCompiler$ - Ignoring InterruptException
2017-12-15 07:17:47,578 ERROR [Text Viewer Hover Presenter] - IScalaPresentationCompiler$ - Ignoring InterruptException
2017-12-15 07:17:47,578 ERROR [Text Viewer Hover Presenter] - IScalaPresentationCompiler$ - Ignoring InterruptException
2017-12-15 07:26:48,702  WARN [org.scalaide.ui.internal.reconciliation.ScalaReconciler] - ImplicitHighlightingPresenter - Timeout while waiting for `askLoadedTyped` during semantic highlighting.
2017-12-15 07:59:16,053 ERROR [Text Viewer Hover Presenter] - IScalaPresentationCompiler$ - Ignoring InterruptException
2017-12-15 07:59:16,053 ERROR [Text Viewer Hover Presenter] - IScalaPresentationCompiler$ - Ignoring InterruptException
2017-12-15 07:59:16,069 ERROR [Text Viewer Hover Presenter] - IScalaPresentationCompiler$ - Ignoring InterruptException
2017-12-15 08:19:29,395  WARN [org.scalaide.ui.internal.reconciliation.ScalaReconciler] - TraverserImpl$ - Skipping annotation, position length = 0, position offset = 27
2017-12-15 08:19:29,395  WARN [org.scalaide.ui.internal.reconciliation.ScalaReconciler] - TraverserImpl$ - Skipping annotation, position length = 0, position offset = 27
2017-12-15 08:19:29,395  WARN [org.scalaide.ui.internal.reconciliation.ScalaReconciler] - TraverserImpl$ - Skipping annotation, position length = 0, position offset = 27
2017-12-15 08:19:29,907  WARN [org.scalaide.ui.internal.reconciliation.ScalaReconciler] - TraverserImpl$ - Skipping annotation, position length = 0, position offset = 27
2017-12-15 08:19:29,907  WARN [org.scalaide.ui.internal.reconciliation.ScalaReconciler] - TraverserImpl$ - Skipping annotation, position length = 0, position offset = 27
2017-12-15 08:19:29,907  WARN [org.scalaide.ui.internal.reconciliation.ScalaReconciler] - TraverserImpl$ - Skipping annotation, position length = 0, position offset = 27
2017-12-15 15:50:01,161  WARN [main] - org.scala-ide.sdt.core - org.scala-ide.sdt.core - org.scala-ide.sdt.core - 0 - Preference scala.compiler.sourceLevel was uninitialized for iautoshop, setting default to 2.12.
2017-12-15 15:50:01,177  WARN [main] - org.scala-ide.sdt.core - org.scala-ide.sdt.core - org.scala-ide.sdt.core - 0 - Preference scala.compiler.installation was uninitialized for iautoshop, setting default to 2.12.
2017-12-15 15:50:29,594  WARN [org.scalaide.ui.internal.reconciliation.ScalaReconciler] - TraverserImpl$ - Skipping annotation, position length = 0, position offset = 27
2017-12-15 15:50:34,881  WARN [org.scalaide.ui.internal.reconciliation.ScalaReconciler] - TraverserImpl$ - Skipping annotation, position length = 0, position offset = 27
2017-12-15 15:51:03,436  WARN [org.scalaide.ui.internal.reconciliation.ScalaReconciler] - TraverserImpl$ - Skipping annotation, position length = 0, position offset = 27
2017-12-15 15:51:03,436  WARN [org.scalaide.ui.internal.reconciliation.ScalaReconciler] - TraverserImpl$ - Skipping annotation, position length = 0, position offset = 27
2017-12-15 15:51:03,967  WARN [org.scalaide.ui.internal.reconciliation.ScalaReconciler] - TraverserImpl$ - Skipping annotation, position length = 0, position offset = 27
2017-12-15 15:51:03,967  WARN [org.scalaide.ui.internal.reconciliation.ScalaReconciler] - TraverserImpl$ - Skipping annotation, position length = 0, position offset = 27
2017-12-15 15:51:07,050  WARN [org.scalaide.ui.internal.reconciliation.ScalaReconciler] - TraverserImpl$ - Skipping annotation, position length = 0, position offset = 27
2017-12-15 15:51:07,050  WARN [org.scalaide.ui.internal.reconciliation.ScalaReconciler] - TraverserImpl$ - Skipping annotation, position length = 0, position offset = 27
2017-12-15 15:51:08,628  WARN [org.scalaide.ui.internal.reconciliation.ScalaReconciler] - TraverserImpl$ - Skipping annotation, position length = 0, position offset = 27
2017-12-15 15:51:08,628  WARN [org.scalaide.ui.internal.reconciliation.ScalaReconciler] - TraverserImpl$ - Skipping annotation, position length = 0, position offset = 27
2017-12-15 15:51:14,223  WARN [org.scalaide.ui.internal.reconciliation.ScalaReconciler] - TraverserImpl$ - Skipping annotation, position length = 0, position offset = 27
2017-12-15 15:51:14,223  WARN [org.scalaide.ui.internal.reconciliation.ScalaReconciler] - TraverserImpl$ - Skipping annotation, position length = 0, position offset = 27
2017-12-15 15:51:14,739  WARN [org.scalaide.ui.internal.reconciliation.ScalaReconciler] - TraverserImpl$ - Skipping annotation, position length = 0, position offset = 27
2017-12-15 15:51:14,739  WARN [org.scalaide.ui.internal.reconciliation.ScalaReconciler] - TraverserImpl$ - Skipping annotation, position length = 0, position offset = 27
2017-12-15 15:51:43,473  WARN [org.scalaide.ui.internal.reconciliation.ScalaReconciler] - TraverserImpl$ - Skipping annotation, position length = 0, position offset = 27
2017-12-15 15:51:43,473  WARN [org.scalaide.ui.internal.reconciliation.ScalaReconciler] - TraverserImpl$ - Skipping annotation, position length = 0, position offset = 27
2017-12-15 15:51:44,004  WARN [org.scalaide.ui.internal.reconciliation.ScalaReconciler] - TraverserImpl$ - Skipping annotation, position length = 0, position offset = 27
2017-12-15 15:51:44,004  WARN [org.scalaide.ui.internal.reconciliation.ScalaReconciler] - TraverserImpl$ - Skipping annotation, position length = 0, position offset = 27
2017-12-15 15:51:47,067  WARN [org.scalaide.ui.internal.reconciliation.ScalaReconciler] - TraverserImpl$ - Skipping annotation, position length = 0, position offset = 27
2017-12-15 15:51:47,067  WARN [org.scalaide.ui.internal.reconciliation.ScalaReconciler] - TraverserImpl$ - Skipping annotation, position length = 0, position offset = 27
2017-12-15 15:51:47,567  WARN [org.scalaide.ui.internal.reconciliation.ScalaReconciler] - TraverserImpl$ - Skipping annotation, position length = 0, position offset = 27
2017-12-15 15:51:47,567  WARN [org.scalaide.ui.internal.reconciliation.ScalaReconciler] - TraverserImpl$ - Skipping annotation, position length = 0, position offset = 27
2017-12-15 15:51:50,176  WARN [org.scalaide.ui.internal.reconciliation.ScalaReconciler] - TraverserImpl$ - Skipping annotation, position length = 0, position offset = 27
2017-12-15 15:51:50,176  WARN [org.scalaide.ui.internal.reconciliation.ScalaReconciler] - TraverserImpl$ - Skipping annotation, position length = 0, position offset = 27
2017-12-15 15:51:51,255  WARN [org.scalaide.ui.internal.reconciliation.ScalaReconciler] - TraverserImpl$ - Skipping annotation, position length = 0, position offset = 69
2017-12-15 15:51:51,255  WARN [org.scalaide.ui.internal.reconciliation.ScalaReconciler] - TraverserImpl$ - Skipping annotation, position length = 0, position offset = 69
2017-12-15 15:51:51,770  WARN [org.scalaide.ui.internal.reconciliation.ScalaReconciler] - TraverserImpl$ - Skipping annotation, position length = 0, position offset = 69
2017-12-15 15:51:51,770  WARN [org.scalaide.ui.internal.reconciliation.ScalaReconciler] - TraverserImpl$ - Skipping annotation, position length = 0, position offset = 69
2017-12-15 15:51:52,302  WARN [org.scalaide.ui.internal.reconciliation.ScalaReconciler] - TraverserImpl$ - Skipping annotation, position length = 0, position offset = 69
2017-12-15 15:51:52,302  WARN [org.scalaide.ui.internal.reconciliation.ScalaReconciler] - TraverserImpl$ - Skipping annotation, position length = 0, position offset = 69
2017-12-15 15:52:04,992  WARN [org.scalaide.ui.internal.reconciliation.ScalaReconciler] - TraverserImpl$ - Skipping annotation, position length = 0, position offset = 69
2017-12-15 15:52:04,992  WARN [org.scalaide.ui.internal.reconciliation.ScalaReconciler] - TraverserImpl$ - Skipping annotation, position length = 0, position offset = 69
2017-12-15 15:52:06,039  WARN [org.scalaide.ui.internal.reconciliation.ScalaReconciler] - TraverserImpl$ - Skipping annotation, position length = 0, position offset = 69
2017-12-15 15:52:06,039  WARN [org.scalaide.ui.internal.reconciliation.ScalaReconciler] - TraverserImpl$ - Skipping annotation, position length = 0, position offset = 69
2017-12-15 15:52:14,192  WARN [org.scalaide.ui.internal.reconciliation.ScalaReconciler] - TraverserImpl$ - Skipping annotation, position length = 0, position offset = 69
2017-12-15 15:52:14,192  WARN [org.scalaide.ui.internal.reconciliation.ScalaReconciler] - TraverserImpl$ - Skipping annotation, position length = 0, position offset = 69
2017-12-15 15:52:16,786  WARN [org.scalaide.ui.internal.reconciliation.ScalaReconciler] - TraverserImpl$ - Skipping annotation, position length = 0, position offset = 69
2017-12-15 15:52:16,786  WARN [org.scalaide.ui.internal.reconciliation.ScalaReconciler] - TraverserImpl$ - Skipping annotation, position length = 0, position offset = 69
2017-12-15 15:52:19,880  WARN [org.scalaide.ui.internal.reconciliation.ScalaReconciler] - TraverserImpl$ - Skipping annotation, position length = 0, position offset = 69
2017-12-15 15:52:19,896  WARN [org.scalaide.ui.internal.reconciliation.ScalaReconciler] - TraverserImpl$ - Skipping annotation, position length = 0, position offset = 69
2017-12-15 15:52:20,396  WARN [org.scalaide.ui.internal.reconciliation.ScalaReconciler] - TraverserImpl$ - Skipping annotation, position length = 0, position offset = 69
2017-12-15 15:52:20,396  WARN [org.scalaide.ui.internal.reconciliation.ScalaReconciler] - TraverserImpl$ - Skipping annotation, position length = 0, position offset = 69
2017-12-16 08:36:04,557  WARN [main] - org.scala-ide.sdt.core - org.scala-ide.sdt.core - org.scala-ide.sdt.core - 0 - Preference scala.compiler.sourceLevel was uninitialized for iautoshop, setting default to 2.12.
2017-12-16 08:36:04,601  WARN [main] - org.scala-ide.sdt.core - org.scala-ide.sdt.core - org.scala-ide.sdt.core - 0 - Preference scala.compiler.installation was uninitialized for iautoshop, setting default to 2.12.
2017-12-16 08:43:50,198  WARN [ModalContext] - ScalaProject - Project idataframework has platform default sourceLevel.
2017-12-16 08:43:50,198  WARN [ModalContext] - ScalaProject - Project idataframework runs on platform default installation.
2017-12-16 08:43:50,251 ERROR [Worker-1] - System.err - log4j:WARN No appenders could be found for logger (org.eclipse.jgit.util.FS).
2017-12-16 08:43:50,251 ERROR [Worker-1] - System.err - log4j:WARN Please initialize the log4j system properly.
2017-12-16 08:44:16,426  WARN [main] - ScalaProject - Project idataframework has platform default sourceLevel.
2017-12-16 08:44:16,426  WARN [main] - ScalaProject - Project idataframework runs on platform default installation.
2017-12-16 09:05:55,794  WARN [ModalContext] - ScalaProject - Project idataframework has platform default sourceLevel.
2017-12-16 09:05:55,794  WARN [ModalContext] - ScalaProject - Project idataframework runs on platform default installation.
2017-12-16 09:05:55,809  WARN [ModalContext] - ScalaProject - Project idataframework has platform default sourceLevel.
2017-12-16 09:05:55,809  WARN [ModalContext] - ScalaProject - Project idataframework runs on platform default installation.
2017-12-16 09:05:55,809  WARN [ModalContext] - ScalaProject - Project idataframework has platform default sourceLevel.
2017-12-16 09:05:55,809  WARN [ModalContext] - ScalaProject - Project idataframework runs on platform default installation.
2017-12-16 09:05:56,983  WARN [org.scalaide.ui.internal.reconciliation.ScalaReconciler] - ScalaProject - Project idataframework has platform default sourceLevel.
2017-12-16 09:05:56,983  WARN [org.scalaide.ui.internal.reconciliation.ScalaReconciler] - ScalaProject - Project idataframework runs on platform default installation.
2017-12-16 09:05:56,983  WARN [org.scalaide.ui.internal.reconciliation.ScalaReconciler] - ScalaProject - Project idataframework has platform default sourceLevel.
2017-12-16 09:05:56,983  WARN [org.scalaide.ui.internal.reconciliation.ScalaReconciler] - ScalaProject - Project idataframework runs on platform default installation.
2017-12-16 09:05:56,983  WARN [Worker-18] - ScalaProject - Project idataframework has platform default sourceLevel.
2017-12-16 09:05:56,983  WARN [Worker-18] - ScalaProject - Project idataframework runs on platform default installation.
2017-12-16 09:05:56,983  WARN [org.scalaide.ui.internal.reconciliation.ScalaReconciler] - ScalaProject - Project idataframework has platform default sourceLevel.
2017-12-16 09:05:56,983  WARN [org.scalaide.ui.internal.reconciliation.ScalaReconciler] - ScalaProject - Project idataframework runs on platform default installation.
2017-12-16 09:05:56,983  WARN [org.scalaide.ui.internal.reconciliation.ScalaReconciler] - ScalaProject - Project idataframework has platform default sourceLevel.
2017-12-16 09:05:56,999  WARN [org.scalaide.ui.internal.reconciliation.ScalaReconciler] - ScalaProject - Project idataframework runs on platform default installation.
2017-12-16 09:05:56,999  WARN [org.scalaide.ui.internal.reconciliation.ScalaReconciler] - ScalaProject - Project idataframework has platform default sourceLevel.
2017-12-16 09:05:56,999  WARN [org.scalaide.ui.internal.reconciliation.ScalaReconciler] - ScalaProject - Project idataframework runs on platform default installation.
2017-12-16 09:05:56,999  WARN [org.scalaide.ui.internal.reconciliation.ScalaReconciler] - ScalaProject - Project idataframework has platform default sourceLevel.
2017-12-16 09:05:56,999  WARN [org.scalaide.ui.internal.reconciliation.ScalaReconciler] - ScalaProject - Project idataframework runs on platform default installation.
2017-12-16 09:05:57,093 ERROR [main] - org.scala-ide.sdt.core - org.scala-ide.sdt.core - org.scala-ide.sdt.core - 0 - Error thrown while initializing the presentation compiler.
Java Model Exception: Java Model Status [idataframework does not exist]
	at org.eclipse.jdt.internal.core.JavaElement.newNotPresentException(JavaElement.java:556)
	at org.eclipse.jdt.internal.core.JavaModelManager.getPerProjectInfoCheckExistence(JavaModelManager.java:2451)
	at org.eclipse.jdt.internal.core.JavaProject.getPerProjectInfo(JavaProject.java:1903)
	at org.eclipse.jdt.internal.core.JavaProject.getRawClasspath(JavaProject.java:1925)
	at org.scalaide.core.internal.project.ClasspathManagement.jdkPaths(ClasspathManagement.scala:149)
	at org.scalaide.core.internal.project.ClasspathManagement.jdkPaths$(ClasspathManagement.scala:148)
	at org.scalaide.core.internal.project.ScalaProject.jdkPaths(ScalaProject.scala:150)
	at org.scalaide.core.internal.project.ClasspathManagement.scalaClasspath(ClasspathManagement.scala:136)
	at org.scalaide.core.internal.project.ClasspathManagement.scalaClasspath$(ClasspathManagement.scala:135)
	at org.scalaide.core.internal.project.ScalaProject.scalaClasspath(ScalaProject.scala:150)
	at org.scalaide.core.internal.project.ScalaProject.setupCompilerClasspath(ScalaProject.scala:498)
	at org.scalaide.core.internal.project.ScalaProject.initializeCompilerSettings(ScalaProject.scala:485)
	at org.scalaide.core.internal.project.ScalaProject.prepareCompilerSettings(ScalaProject.scala:438)
	at org.scalaide.core.internal.project.ScalaProject.$anonfun$presentationCompiler$1(ScalaProject.scala:162)
	at org.scalaide.core.internal.compiler.PresentationCompilerProxy.liftedTree1$1(PresentationCompilerProxy.scala:154)
	at org.scalaide.core.internal.compiler.PresentationCompilerProxy.create(PresentationCompilerProxy.scala:153)
	at org.scalaide.core.internal.compiler.PresentationCompilerProxy.initialize(PresentationCompilerProxy.scala:118)
	at org.scalaide.core.internal.compiler.PresentationCompilerProxy.obtainPc$1(PresentationCompilerProxy.scala:80)
	at org.scalaide.core.internal.compiler.PresentationCompilerProxy.internal(PresentationCompilerProxy.scala:100)
	at org.scalaide.core.internal.compiler.PresentationCompilerProxy.apply(PresentationCompilerProxy.scala:58)
	at org.scalaide.core.compiler.InteractiveCompilationUnit.forceReconcile(InteractiveCompilationUnit.scala:150)
	at org.scalaide.core.compiler.InteractiveCompilationUnit.forceReconcile$(InteractiveCompilationUnit.scala:149)
	at org.scalaide.core.internal.jdt.model.ScalaSourceFile.forceReconcile(ScalaSourceFile.scala:71)
	at org.scalaide.ui.internal.reconciliation.ScalaReconcilingStrategy.handleReconciliation(ScalaReconcilingStrategy.scala:54)
	at org.scalaide.ui.internal.reconciliation.ScalaReconcilingStrategy.reconcile(ScalaReconcilingStrategy.scala:39)
	at org.eclipse.jdt.internal.ui.text.CompositeReconcilingStrategy.reconcile(CompositeReconcilingStrategy.java:77)
	at org.eclipse.jface.text.reconciler.MonoReconciler.process(MonoReconciler.java:69)
	at org.eclipse.jface.text.reconciler.AbstractReconciler$BackgroundThread.run(AbstractReconciler.java:207)
2017-12-16 09:05:57,093 ERROR [main] - org.scala-ide.sdt.core - org.scala-ide.sdt.core - org.scala-ide.sdt.core - 0 - Error thrown while initializing the presentation compiler.
Java Model Exception: Java Model Status [idataframework does not exist]
	at org.eclipse.jdt.internal.core.JavaElement.newNotPresentException(JavaElement.java:556)
	at org.eclipse.jdt.internal.core.JavaModelManager.getPerProjectInfoCheckExistence(JavaModelManager.java:2451)
	at org.eclipse.jdt.internal.core.JavaProject.getPerProjectInfo(JavaProject.java:1903)
	at org.eclipse.jdt.internal.core.JavaProject.getRawClasspath(JavaProject.java:1925)
	at org.scalaide.core.internal.project.ClasspathManagement.jdkPaths(ClasspathManagement.scala:149)
	at org.scalaide.core.internal.project.ClasspathManagement.jdkPaths$(ClasspathManagement.scala:148)
	at org.scalaide.core.internal.project.ScalaProject.jdkPaths(ScalaProject.scala:150)
	at org.scalaide.core.internal.project.ClasspathManagement.scalaClasspath(ClasspathManagement.scala:136)
	at org.scalaide.core.internal.project.ClasspathManagement.scalaClasspath$(ClasspathManagement.scala:135)
	at org.scalaide.core.internal.project.ScalaProject.scalaClasspath(ScalaProject.scala:150)
	at org.scalaide.core.internal.project.ScalaProject.setupCompilerClasspath(ScalaProject.scala:498)
	at org.scalaide.core.internal.project.ScalaProject.initializeCompilerSettings(ScalaProject.scala:485)
	at org.scalaide.core.internal.project.ScalaProject.prepareCompilerSettings(ScalaProject.scala:438)
	at org.scalaide.core.internal.project.ScalaProject.$anonfun$presentationCompiler$1(ScalaProject.scala:162)
	at org.scalaide.core.internal.compiler.PresentationCompilerProxy.liftedTree1$1(PresentationCompilerProxy.scala:154)
	at org.scalaide.core.internal.compiler.PresentationCompilerProxy.create(PresentationCompilerProxy.scala:153)
	at org.scalaide.core.internal.compiler.PresentationCompilerProxy.initialize(PresentationCompilerProxy.scala:118)
	at org.scalaide.core.internal.compiler.PresentationCompilerProxy.obtainPc$1(PresentationCompilerProxy.scala:80)
	at org.scalaide.core.internal.compiler.PresentationCompilerProxy.internal(PresentationCompilerProxy.scala:100)
	at org.scalaide.core.internal.compiler.PresentationCompilerProxy.apply(PresentationCompilerProxy.scala:58)
	at org.scalaide.core.compiler.InteractiveCompilationUnit.currentProblems(InteractiveCompilationUnit.scala:183)
	at org.scalaide.core.compiler.InteractiveCompilationUnit.currentProblems$(InteractiveCompilationUnit.scala:180)
	at org.scalaide.core.internal.jdt.model.ScalaSourceFile.currentProblems(ScalaSourceFile.scala:71)
	at org.scalaide.core.compiler.InteractiveCompilationUnit.forceReconcile(InteractiveCompilationUnit.scala:151)
	at org.scalaide.core.compiler.InteractiveCompilationUnit.forceReconcile$(InteractiveCompilationUnit.scala:149)
	at org.scalaide.core.internal.jdt.model.ScalaSourceFile.forceReconcile(ScalaSourceFile.scala:71)
	at org.scalaide.ui.internal.reconciliation.ScalaReconcilingStrategy.handleReconciliation(ScalaReconcilingStrategy.scala:54)
	at org.scalaide.ui.internal.reconciliation.ScalaReconcilingStrategy.reconcile(ScalaReconcilingStrategy.scala:39)
	at org.eclipse.jdt.internal.ui.text.CompositeReconcilingStrategy.reconcile(CompositeReconcilingStrategy.java:77)
	at org.eclipse.jface.text.reconciler.MonoReconciler.process(MonoReconciler.java:69)
	at org.eclipse.jface.text.reconciler.AbstractReconciler$BackgroundThread.run(AbstractReconciler.java:207)
2017-12-16 09:05:57,109 ERROR [main] - org.scala-ide.sdt.core - org.scala-ide.sdt.core - org.scala-ide.sdt.core - 0 - Error thrown while initializing the presentation compiler.
Java Model Exception: Java Model Status [idataframework does not exist]
	at org.eclipse.jdt.internal.core.JavaElement.newNotPresentException(JavaElement.java:556)
	at org.eclipse.jdt.internal.core.JavaModelManager.getPerProjectInfoCheckExistence(JavaModelManager.java:2451)
	at org.eclipse.jdt.internal.core.JavaProject.getPerProjectInfo(JavaProject.java:1903)
	at org.eclipse.jdt.internal.core.JavaProject.getRawClasspath(JavaProject.java:1925)
	at org.scalaide.core.internal.project.ClasspathManagement.jdkPaths(ClasspathManagement.scala:149)
	at org.scalaide.core.internal.project.ClasspathManagement.jdkPaths$(ClasspathManagement.scala:148)
	at org.scalaide.core.internal.project.ScalaProject.jdkPaths(ScalaProject.scala:150)
	at org.scalaide.core.internal.project.ClasspathManagement.scalaClasspath(ClasspathManagement.scala:136)
	at org.scalaide.core.internal.project.ClasspathManagement.scalaClasspath$(ClasspathManagement.scala:135)
	at org.scalaide.core.internal.project.ScalaProject.scalaClasspath(ScalaProject.scala:150)
	at org.scalaide.core.internal.project.ScalaProject.setupCompilerClasspath(ScalaProject.scala:498)
	at org.scalaide.core.internal.project.ScalaProject.initializeCompilerSettings(ScalaProject.scala:485)
	at org.scalaide.core.internal.project.ScalaProject.prepareCompilerSettings(ScalaProject.scala:438)
	at org.scalaide.core.internal.project.ScalaProject.$anonfun$presentationCompiler$1(ScalaProject.scala:162)
	at org.scalaide.core.internal.compiler.PresentationCompilerProxy.liftedTree1$1(PresentationCompilerProxy.scala:154)
	at org.scalaide.core.internal.compiler.PresentationCompilerProxy.create(PresentationCompilerProxy.scala:153)
	at org.scalaide.core.internal.compiler.PresentationCompilerProxy.initialize(PresentationCompilerProxy.scala:118)
	at org.scalaide.core.internal.compiler.PresentationCompilerProxy.obtainPc$1(PresentationCompilerProxy.scala:80)
	at org.scalaide.core.internal.compiler.PresentationCompilerProxy.internal(PresentationCompilerProxy.scala:100)
	at org.scalaide.core.internal.compiler.PresentationCompilerProxy.apply(PresentationCompilerProxy.scala:58)
	at org.scalaide.core.compiler.InteractiveCompilationUnit.withSourceFile(InteractiveCompilationUnit.scala:201)
	at org.scalaide.core.compiler.InteractiveCompilationUnit.withSourceFile$(InteractiveCompilationUnit.scala:200)
	at org.scalaide.core.internal.jdt.model.ScalaSourceFile.withSourceFile(ScalaSourceFile.scala:71)
	at org.scalaide.ui.internal.editor.decorators.semantichighlighting.Presenter$SemanticHighlightingJob.$anonfun$performSemanticHighlighting$1(Presenter.scala:119)
	at scala.Option.flatMap(Option.scala:171)
	at org.scalaide.ui.internal.editor.decorators.semantichighlighting.Presenter$SemanticHighlightingJob.performSemanticHighlighting(Presenter.scala:119)
	at org.scalaide.ui.internal.editor.decorators.semantichighlighting.Presenter$SemanticHighlightingJob.run(Presenter.scala:115)
	at org.eclipse.core.internal.jobs.Worker.run(Worker.java:56)
2017-12-16 09:05:57,109 ERROR [main] - org.scala-ide.sdt.core - org.scala-ide.sdt.core - org.scala-ide.sdt.core - 0 - Error thrown while initializing the presentation compiler.
Java Model Exception: Java Model Status [idataframework does not exist]
	at org.eclipse.jdt.internal.core.JavaElement.newNotPresentException(JavaElement.java:556)
	at org.eclipse.jdt.internal.core.JavaModelManager.getPerProjectInfoCheckExistence(JavaModelManager.java:2451)
	at org.eclipse.jdt.internal.core.JavaProject.getPerProjectInfo(JavaProject.java:1903)
	at org.eclipse.jdt.internal.core.JavaProject.getRawClasspath(JavaProject.java:1925)
	at org.scalaide.core.internal.project.ClasspathManagement.jdkPaths(ClasspathManagement.scala:149)
	at org.scalaide.core.internal.project.ClasspathManagement.jdkPaths$(ClasspathManagement.scala:148)
	at org.scalaide.core.internal.project.ScalaProject.jdkPaths(ScalaProject.scala:150)
	at org.scalaide.core.internal.project.ClasspathManagement.scalaClasspath(ClasspathManagement.scala:136)
	at org.scalaide.core.internal.project.ClasspathManagement.scalaClasspath$(ClasspathManagement.scala:135)
	at org.scalaide.core.internal.project.ScalaProject.scalaClasspath(ScalaProject.scala:150)
	at org.scalaide.core.internal.project.ScalaProject.setupCompilerClasspath(ScalaProject.scala:498)
	at org.scalaide.core.internal.project.ScalaProject.initializeCompilerSettings(ScalaProject.scala:485)
	at org.scalaide.core.internal.project.ScalaProject.prepareCompilerSettings(ScalaProject.scala:438)
	at org.scalaide.core.internal.project.ScalaProject.$anonfun$presentationCompiler$1(ScalaProject.scala:162)
	at org.scalaide.core.internal.compiler.PresentationCompilerProxy.liftedTree1$1(PresentationCompilerProxy.scala:154)
	at org.scalaide.core.internal.compiler.PresentationCompilerProxy.create(PresentationCompilerProxy.scala:153)
	at org.scalaide.core.internal.compiler.PresentationCompilerProxy.initialize(PresentationCompilerProxy.scala:118)
	at org.scalaide.core.internal.compiler.PresentationCompilerProxy.obtainPc$1(PresentationCompilerProxy.scala:80)
	at org.scalaide.core.internal.compiler.PresentationCompilerProxy.internal(PresentationCompilerProxy.scala:100)
	at org.scalaide.ui.internal.editor.decorators.BaseSemanticAction.apply(BaseSemanticAction.scala:139)
	at org.scalaide.ui.internal.editor.ScalaSourceFileEditor$$anon$3.$anonfun$reconciled$3(ScalaSourceFileEditor.scala:105)
	at scala.runtime.java8.JFunction0$mcV$sp.apply(JFunction0$mcV$sp.java:12)
	at org.scalaide.util.eclipse.EclipseUtils$$anon$3.run(EclipseUtils.scala:230)
	at org.eclipse.core.runtime.SafeRunner.run(SafeRunner.java:42)
	at org.scalaide.util.eclipse.EclipseUtils$.withSafeRunner(EclipseUtils.scala:226)
	at org.scalaide.ui.internal.editor.ScalaSourceFileEditor$$anon$3.$anonfun$reconciled$1(ScalaSourceFileEditor.scala:105)
	at scala.collection.mutable.ArraySeq.foreach(ArraySeq.scala:74)
	at org.scalaide.ui.internal.editor.ScalaSourceFileEditor$$anon$3.reconciled(ScalaSourceFileEditor.scala:103)
	at org.scalaide.ui.internal.editor.ScalaSourceFileEditor$ReconcilingListeners.$anonfun$reconciled$5(ScalaSourceFileEditor.scala:478)
	at org.scalaide.ui.internal.editor.ScalaSourceFileEditor$ReconcilingListeners.$anonfun$reconciled$5$adapted(ScalaSourceFileEditor.scala:478)
	at scala.collection.immutable.List.foreach(List.scala:389)
	at org.scalaide.ui.internal.editor.ScalaSourceFileEditor$ReconcilingListeners.reconciled(ScalaSourceFileEditor.scala:478)
	at org.scalaide.ui.internal.editor.ScalaSourceFileEditor.reconciled(ScalaSourceFileEditor.scala:379)
	at org.scalaide.ui.internal.reconciliation.ScalaReconcilingStrategy.$anonfun$handleReconciliation$2(ScalaReconcilingStrategy.scala:65)
	at org.scalaide.ui.internal.reconciliation.ScalaReconcilingStrategy.$anonfun$handleReconciliation$2$adapted(ScalaReconcilingStrategy.scala:65)
	at scala.Option.foreach(Option.scala:257)
	at org.scalaide.ui.internal.reconciliation.ScalaReconcilingStrategy.handleReconciliation(ScalaReconcilingStrategy.scala:65)
	at org.scalaide.ui.internal.reconciliation.ScalaReconcilingStrategy.reconcile(ScalaReconcilingStrategy.scala:39)
	at org.eclipse.jdt.internal.ui.text.CompositeReconcilingStrategy.reconcile(CompositeReconcilingStrategy.java:77)
	at org.eclipse.jface.text.reconciler.MonoReconciler.process(MonoReconciler.java:69)
	at org.eclipse.jface.text.reconciler.AbstractReconciler$BackgroundThread.run(AbstractReconciler.java:207)
2017-12-16 09:05:57,124 ERROR [main] - org.scala-ide.sdt.core - org.scala-ide.sdt.core - org.scala-ide.sdt.core - 0 - Error thrown while initializing the presentation compiler.
Java Model Exception: Java Model Status [idataframework does not exist]
	at org.eclipse.jdt.internal.core.JavaElement.newNotPresentException(JavaElement.java:556)
	at org.eclipse.jdt.internal.core.JavaModelManager.getPerProjectInfoCheckExistence(JavaModelManager.java:2451)
	at org.eclipse.jdt.internal.core.JavaProject.getPerProjectInfo(JavaProject.java:1903)
	at org.eclipse.jdt.internal.core.JavaProject.getRawClasspath(JavaProject.java:1925)
	at org.scalaide.core.internal.project.ClasspathManagement.jdkPaths(ClasspathManagement.scala:149)
	at org.scalaide.core.internal.project.ClasspathManagement.jdkPaths$(ClasspathManagement.scala:148)
	at org.scalaide.core.internal.project.ScalaProject.jdkPaths(ScalaProject.scala:150)
	at org.scalaide.core.internal.project.ClasspathManagement.scalaClasspath(ClasspathManagement.scala:136)
	at org.scalaide.core.internal.project.ClasspathManagement.scalaClasspath$(ClasspathManagement.scala:135)
	at org.scalaide.core.internal.project.ScalaProject.scalaClasspath(ScalaProject.scala:150)
	at org.scalaide.core.internal.project.ScalaProject.setupCompilerClasspath(ScalaProject.scala:498)
	at org.scalaide.core.internal.project.ScalaProject.initializeCompilerSettings(ScalaProject.scala:485)
	at org.scalaide.core.internal.project.ScalaProject.prepareCompilerSettings(ScalaProject.scala:438)
	at org.scalaide.core.internal.project.ScalaProject.$anonfun$presentationCompiler$1(ScalaProject.scala:162)
	at org.scalaide.core.internal.compiler.PresentationCompilerProxy.liftedTree1$1(PresentationCompilerProxy.scala:154)
	at org.scalaide.core.internal.compiler.PresentationCompilerProxy.create(PresentationCompilerProxy.scala:153)
	at org.scalaide.core.internal.compiler.PresentationCompilerProxy.initialize(PresentationCompilerProxy.scala:118)
	at org.scalaide.core.internal.compiler.PresentationCompilerProxy.obtainPc$1(PresentationCompilerProxy.scala:80)
	at org.scalaide.core.internal.compiler.PresentationCompilerProxy.internal(PresentationCompilerProxy.scala:100)
	at org.scalaide.ui.internal.editor.decorators.BaseSemanticAction.apply(BaseSemanticAction.scala:139)
	at org.scalaide.ui.internal.editor.ScalaSourceFileEditor$$anon$3.$anonfun$reconciled$3(ScalaSourceFileEditor.scala:105)
	at scala.runtime.java8.JFunction0$mcV$sp.apply(JFunction0$mcV$sp.java:12)
	at org.scalaide.util.eclipse.EclipseUtils$$anon$3.run(EclipseUtils.scala:230)
	at org.eclipse.core.runtime.SafeRunner.run(SafeRunner.java:42)
	at org.scalaide.util.eclipse.EclipseUtils$.withSafeRunner(EclipseUtils.scala:226)
	at org.scalaide.ui.internal.editor.ScalaSourceFileEditor$$anon$3.$anonfun$reconciled$1(ScalaSourceFileEditor.scala:105)
	at scala.collection.mutable.ArraySeq.foreach(ArraySeq.scala:74)
	at org.scalaide.ui.internal.editor.ScalaSourceFileEditor$$anon$3.reconciled(ScalaSourceFileEditor.scala:103)
	at org.scalaide.ui.internal.editor.ScalaSourceFileEditor$ReconcilingListeners.$anonfun$reconciled$5(ScalaSourceFileEditor.scala:478)
	at org.scalaide.ui.internal.editor.ScalaSourceFileEditor$ReconcilingListeners.$anonfun$reconciled$5$adapted(ScalaSourceFileEditor.scala:478)
	at scala.collection.immutable.List.foreach(List.scala:389)
	at org.scalaide.ui.internal.editor.ScalaSourceFileEditor$ReconcilingListeners.reconciled(ScalaSourceFileEditor.scala:478)
	at org.scalaide.ui.internal.editor.ScalaSourceFileEditor.reconciled(ScalaSourceFileEditor.scala:379)
	at org.scalaide.ui.internal.reconciliation.ScalaReconcilingStrategy.$anonfun$handleReconciliation$2(ScalaReconcilingStrategy.scala:65)
	at org.scalaide.ui.internal.reconciliation.ScalaReconcilingStrategy.$anonfun$handleReconciliation$2$adapted(ScalaReconcilingStrategy.scala:65)
	at scala.Option.foreach(Option.scala:257)
	at org.scalaide.ui.internal.reconciliation.ScalaReconcilingStrategy.handleReconciliation(ScalaReconcilingStrategy.scala:65)
	at org.scalaide.ui.internal.reconciliation.ScalaReconcilingStrategy.reconcile(ScalaReconcilingStrategy.scala:39)
	at org.eclipse.jdt.internal.ui.text.CompositeReconcilingStrategy.reconcile(CompositeReconcilingStrategy.java:77)
	at org.eclipse.jface.text.reconciler.MonoReconciler.process(MonoReconciler.java:69)
	at org.eclipse.jface.text.reconciler.AbstractReconciler$BackgroundThread.run(AbstractReconciler.java:207)
2017-12-16 09:05:57,124 ERROR [main] - org.scala-ide.sdt.core - org.scala-ide.sdt.core - org.scala-ide.sdt.core - 0 - Error thrown while initializing the presentation compiler.
Java Model Exception: Java Model Status [idataframework does not exist]
	at org.eclipse.jdt.internal.core.JavaElement.newNotPresentException(JavaElement.java:556)
	at org.eclipse.jdt.internal.core.JavaModelManager.getPerProjectInfoCheckExistence(JavaModelManager.java:2451)
	at org.eclipse.jdt.internal.core.JavaProject.getPerProjectInfo(JavaProject.java:1903)
	at org.eclipse.jdt.internal.core.JavaProject.getRawClasspath(JavaProject.java:1925)
	at org.scalaide.core.internal.project.ClasspathManagement.jdkPaths(ClasspathManagement.scala:149)
	at org.scalaide.core.internal.project.ClasspathManagement.jdkPaths$(ClasspathManagement.scala:148)
	at org.scalaide.core.internal.project.ScalaProject.jdkPaths(ScalaProject.scala:150)
	at org.scalaide.core.internal.project.ClasspathManagement.scalaClasspath(ClasspathManagement.scala:136)
	at org.scalaide.core.internal.project.ClasspathManagement.scalaClasspath$(ClasspathManagement.scala:135)
	at org.scalaide.core.internal.project.ScalaProject.scalaClasspath(ScalaProject.scala:150)
	at org.scalaide.core.internal.project.ScalaProject.setupCompilerClasspath(ScalaProject.scala:498)
	at org.scalaide.core.internal.project.ScalaProject.initializeCompilerSettings(ScalaProject.scala:485)
	at org.scalaide.core.internal.project.ScalaProject.prepareCompilerSettings(ScalaProject.scala:438)
	at org.scalaide.core.internal.project.ScalaProject.$anonfun$presentationCompiler$1(ScalaProject.scala:162)
	at org.scalaide.core.internal.compiler.PresentationCompilerProxy.liftedTree1$1(PresentationCompilerProxy.scala:154)
	at org.scalaide.core.internal.compiler.PresentationCompilerProxy.create(PresentationCompilerProxy.scala:153)
	at org.scalaide.core.internal.compiler.PresentationCompilerProxy.initialize(PresentationCompilerProxy.scala:118)
	at org.scalaide.core.internal.compiler.PresentationCompilerProxy.obtainPc$1(PresentationCompilerProxy.scala:80)
	at org.scalaide.core.internal.compiler.PresentationCompilerProxy.internal(PresentationCompilerProxy.scala:100)
	at org.scalaide.ui.internal.editor.decorators.BaseSemanticAction.apply(BaseSemanticAction.scala:139)
	at org.scalaide.ui.internal.editor.ScalaSourceFileEditor$$anon$3.$anonfun$reconciled$3(ScalaSourceFileEditor.scala:105)
	at scala.runtime.java8.JFunction0$mcV$sp.apply(JFunction0$mcV$sp.java:12)
	at org.scalaide.util.eclipse.EclipseUtils$$anon$3.run(EclipseUtils.scala:230)
	at org.eclipse.core.runtime.SafeRunner.run(SafeRunner.java:42)
	at org.scalaide.util.eclipse.EclipseUtils$.withSafeRunner(EclipseUtils.scala:226)
	at org.scalaide.ui.internal.editor.ScalaSourceFileEditor$$anon$3.$anonfun$reconciled$1(ScalaSourceFileEditor.scala:105)
	at scala.collection.mutable.ArraySeq.foreach(ArraySeq.scala:74)
	at org.scalaide.ui.internal.editor.ScalaSourceFileEditor$$anon$3.reconciled(ScalaSourceFileEditor.scala:103)
	at org.scalaide.ui.internal.editor.ScalaSourceFileEditor$ReconcilingListeners.$anonfun$reconciled$5(ScalaSourceFileEditor.scala:478)
	at org.scalaide.ui.internal.editor.ScalaSourceFileEditor$ReconcilingListeners.$anonfun$reconciled$5$adapted(ScalaSourceFileEditor.scala:478)
	at scala.collection.immutable.List.foreach(List.scala:389)
	at org.scalaide.ui.internal.editor.ScalaSourceFileEditor$ReconcilingListeners.reconciled(ScalaSourceFileEditor.scala:478)
	at org.scalaide.ui.internal.editor.ScalaSourceFileEditor.reconciled(ScalaSourceFileEditor.scala:379)
	at org.scalaide.ui.internal.reconciliation.ScalaReconcilingStrategy.$anonfun$handleReconciliation$2(ScalaReconcilingStrategy.scala:65)
	at org.scalaide.ui.internal.reconciliation.ScalaReconcilingStrategy.$anonfun$handleReconciliation$2$adapted(ScalaReconcilingStrategy.scala:65)
	at scala.Option.foreach(Option.scala:257)
	at org.scalaide.ui.internal.reconciliation.ScalaReconcilingStrategy.handleReconciliation(ScalaReconcilingStrategy.scala:65)
	at org.scalaide.ui.internal.reconciliation.ScalaReconcilingStrategy.reconcile(ScalaReconcilingStrategy.scala:39)
	at org.eclipse.jdt.internal.ui.text.CompositeReconcilingStrategy.reconcile(CompositeReconcilingStrategy.java:77)
	at org.eclipse.jface.text.reconciler.MonoReconciler.process(MonoReconciler.java:69)
	at org.eclipse.jface.text.reconciler.AbstractReconciler$BackgroundThread.run(AbstractReconciler.java:207)
2017-12-16 09:05:57,124 ERROR [main] - org.scala-ide.sdt.core - org.scala-ide.sdt.core - org.scala-ide.sdt.core - 0 - Error thrown while initializing the presentation compiler.
Java Model Exception: Java Model Status [idataframework does not exist]
	at org.eclipse.jdt.internal.core.JavaElement.newNotPresentException(JavaElement.java:556)
	at org.eclipse.jdt.internal.core.JavaModelManager.getPerProjectInfoCheckExistence(JavaModelManager.java:2451)
	at org.eclipse.jdt.internal.core.JavaProject.getPerProjectInfo(JavaProject.java:1903)
	at org.eclipse.jdt.internal.core.JavaProject.getRawClasspath(JavaProject.java:1925)
	at org.scalaide.core.internal.project.ClasspathManagement.jdkPaths(ClasspathManagement.scala:149)
	at org.scalaide.core.internal.project.ClasspathManagement.jdkPaths$(ClasspathManagement.scala:148)
	at org.scalaide.core.internal.project.ScalaProject.jdkPaths(ScalaProject.scala:150)
	at org.scalaide.core.internal.project.ClasspathManagement.scalaClasspath(ClasspathManagement.scala:136)
	at org.scalaide.core.internal.project.ClasspathManagement.scalaClasspath$(ClasspathManagement.scala:135)
	at org.scalaide.core.internal.project.ScalaProject.scalaClasspath(ScalaProject.scala:150)
	at org.scalaide.core.internal.project.ScalaProject.setupCompilerClasspath(ScalaProject.scala:498)
	at org.scalaide.core.internal.project.ScalaProject.initializeCompilerSettings(ScalaProject.scala:485)
	at org.scalaide.core.internal.project.ScalaProject.prepareCompilerSettings(ScalaProject.scala:438)
	at org.scalaide.core.internal.project.ScalaProject.$anonfun$presentationCompiler$1(ScalaProject.scala:162)
	at org.scalaide.core.internal.compiler.PresentationCompilerProxy.liftedTree1$1(PresentationCompilerProxy.scala:154)
	at org.scalaide.core.internal.compiler.PresentationCompilerProxy.create(PresentationCompilerProxy.scala:153)
	at org.scalaide.core.internal.compiler.PresentationCompilerProxy.initialize(PresentationCompilerProxy.scala:118)
	at org.scalaide.core.internal.compiler.PresentationCompilerProxy.obtainPc$1(PresentationCompilerProxy.scala:80)
	at org.scalaide.core.internal.compiler.PresentationCompilerProxy.internal(PresentationCompilerProxy.scala:100)
	at org.scalaide.core.internal.compiler.PresentationCompilerProxy.apply(PresentationCompilerProxy.scala:58)
	at org.scalaide.ui.internal.editor.outline.ScalaOutlineReconcilingStrategy.updateOutlineView(ScalaOutlineReconcilingStrategy.scala:34)
	at org.scalaide.ui.internal.editor.outline.ScalaOutlineReconcilingStrategy.reconcile(ScalaOutlineReconcilingStrategy.scala:19)
	at org.eclipse.jdt.internal.ui.text.CompositeReconcilingStrategy.reconcile(CompositeReconcilingStrategy.java:77)
	at org.eclipse.jface.text.reconciler.MonoReconciler.process(MonoReconciler.java:69)
	at org.eclipse.jface.text.reconciler.AbstractReconciler$BackgroundThread.run(AbstractReconciler.java:207)
2017-12-16 09:17:33,541  WARN [ModalContext] - ScalaProject - Project idataframework has platform default sourceLevel.
2017-12-16 09:17:33,541  WARN [ModalContext] - ScalaProject - Project idataframework runs on platform default installation.
2017-12-16 09:17:33,572  WARN [ModalContext] - ScalaProject - Project idataframework has platform default sourceLevel.
2017-12-16 09:17:33,572  WARN [ModalContext] - ScalaProject - Project idataframework runs on platform default installation.
2017-12-16 09:17:34,333  WARN [Worker-22] - ScalaProject - Project idataframework has platform default sourceLevel.
2017-12-16 09:17:34,333  WARN [Worker-22] - ScalaProject - Project idataframework runs on platform default installation.
2017-12-16 09:17:34,629  WARN [Worker-20] - ScalaProject - Project idataframework has platform default sourceLevel.
2017-12-16 09:17:34,629  WARN [Worker-20] - ScalaProject - Project idataframework runs on platform default installation.
2017-12-16 09:17:37,644  WARN [Worker-20] - ScalaProject - Project idataframework has platform default sourceLevel.
2017-12-16 09:17:37,644  WARN [Worker-20] - ScalaProject - Project idataframework runs on platform default installation.
2017-12-16 09:17:41,556  WARN [Worker-14] - ScalaProject - Project idataframework has platform default sourceLevel.
2017-12-16 09:17:41,556  WARN [Worker-14] - ScalaProject - Project idataframework runs on platform default installation.
2017-12-16 09:17:42,250  WARN [Worker-14] - ScalaProject - Project idataframework has platform default sourceLevel.
2017-12-16 09:17:42,250  WARN [Worker-14] - ScalaProject - Project idataframework runs on platform default installation.
2017-12-16 09:52:56,702  WARN [Worker-22] - ScalaProject - Project idataframework has platform default sourceLevel.
2017-12-16 09:52:56,702  WARN [Worker-22] - ScalaProject - Project idataframework runs on platform default installation.
2017-12-16 09:52:57,540  WARN [Worker-22] - ScalaProject - Project idataframework has platform default sourceLevel.
2017-12-16 09:52:57,540  WARN [Worker-22] - ScalaProject - Project idataframework runs on platform default installation.
2017-12-16 09:59:41,213  WARN [Worker-22] - ScalaProject - Project idataframework has platform default sourceLevel.
2017-12-16 09:59:41,213  WARN [Worker-22] - ScalaProject - Project idataframework runs on platform default installation.
2017-12-16 09:59:42,119  WARN [Worker-22] - ScalaProject - Project idataframework has platform default sourceLevel.
2017-12-16 09:59:42,119  WARN [Worker-22] - ScalaProject - Project idataframework runs on platform default installation.
2017-12-16 10:03:28,633  WARN [Worker-22] - ScalaProject - Project idataframework has platform default sourceLevel.
2017-12-16 10:03:28,633  WARN [Worker-22] - ScalaProject - Project idataframework runs on platform default installation.
2017-12-16 10:03:29,337  WARN [Worker-22] - ScalaProject - Project idataframework has platform default sourceLevel.
2017-12-16 10:03:29,337  WARN [Worker-22] - ScalaProject - Project idataframework runs on platform default installation.
2017-12-17 19:49:57,089  WARN [ModalContext] - ScalaProject - Project Testing has platform default sourceLevel.
2017-12-17 19:49:57,101  WARN [ModalContext] - ScalaProject - Project Testing runs on platform default installation.
2017-12-17 19:49:57,363 ERROR [Worker-3] - System.err - log4j:WARN No appenders could be found for logger (org.eclipse.jgit.util.FS).
2017-12-17 19:49:57,364 ERROR [Worker-3] - System.err - log4j:WARN Please initialize the log4j system properly.
2017-12-17 19:50:00,164  WARN [Worker-3] - ScalaProject - Project Testing has platform default sourceLevel.
2017-12-17 19:50:00,165  WARN [Worker-3] - ScalaProject - Project Testing runs on platform default installation.
2017-12-17 19:50:25,181  WARN [Worker-3] - ScalaProject - Project Testing has platform default sourceLevel.
2017-12-17 19:50:25,181  WARN [Worker-3] - ScalaProject - Project Testing runs on platform default installation.
2017-12-17 19:50:26,196  WARN [bundle-351-ActorSystem-akka.actor.default-dispatcher-3] - ScalaProject - Project Testing has platform default sourceLevel.
2017-12-17 19:50:26,197  WARN [bundle-351-ActorSystem-akka.actor.default-dispatcher-3] - ScalaProject - Project Testing runs on platform default installation.
2017-12-17 19:50:27,161 ERROR [Scala Presentation Compiler [Testing]] - System.err - java.lang.Exception
2017-12-17 19:50:27,162 ERROR [Scala Presentation Compiler [Testing]] - System.err - at scala.tools.nsc.interactive.Global.$anonfun$getOrCreateUnitOf$1(Global.scala:244)
2017-12-17 19:50:27,162 ERROR [Scala Presentation Compiler [Testing]] - System.err - at scala.collection.MapLike.getOrElse(MapLike.scala:128)
2017-12-17 19:50:27,162 ERROR [Scala Presentation Compiler [Testing]] - System.err - at scala.collection.MapLike.getOrElse$(MapLike.scala:126)
2017-12-17 19:50:27,162 ERROR [Scala Presentation Compiler [Testing]] - System.err - at scala.collection.AbstractMap.getOrElse(Map.scala:59)
2017-12-17 19:50:27,162 ERROR [Scala Presentation Compiler [Testing]] - System.err - at scala.tools.nsc.interactive.Global.getOrCreateUnitOf(Global.scala:244)
2017-12-17 19:50:27,162 ERROR [Scala Presentation Compiler [Testing]] - System.err - at scala.tools.nsc.interactive.Global.typedTree(Global.scala:820)
2017-12-17 19:50:27,162 ERROR [Scala Presentation Compiler [Testing]] - System.err - at scala.tools.nsc.interactive.ProgramInstrumenter$Instrumenter$.instrumentation(ProgramInstrumenter.scala:31)
2017-12-17 19:50:27,162 ERROR [Scala Presentation Compiler [Testing]] - System.err - at scala.tools.nsc.interactive.ProgramInstrumenter$Instrumenter$.$anonfun$askInstrumentation$1(ProgramInstrumenter.scala:15)
2017-12-17 19:50:27,162 ERROR [Scala Presentation Compiler [Testing]] - System.err - at scala.tools.nsc.interactive.Global.$anonfun$respond$1(Global.scala:688)
2017-12-17 19:50:27,162 ERROR [Scala Presentation Compiler [Testing]] - System.err - at scala.tools.nsc.interactive.Global.respondGradually(Global.scala:695)
2017-12-17 19:50:27,162 ERROR [Scala Presentation Compiler [Testing]] - System.err - at scala.tools.nsc.interactive.Global.respond(Global.scala:688)
2017-12-17 19:50:27,163 ERROR [Scala Presentation Compiler [Testing]] - System.err - at scala.tools.nsc.interactive.ProgramInstrumenter$Instrumenter$.askInstrumentation(ProgramInstrumenter.scala:15)
2017-12-17 19:50:27,163 ERROR [Scala Presentation Compiler [Testing]] - System.err - at scala.tools.nsc.interactive.ProgramInstrumenter.$anonfun$askInstrumented$2(ProgramInstrumenter.scala:52)
2017-12-17 19:50:27,163 ERROR [Scala Presentation Compiler [Testing]] - System.err - at scala.runtime.java8.JFunction0$mcV$sp.apply(JFunction0$mcV$sp.java:12)
2017-12-17 19:50:27,163 ERROR [Scala Presentation Compiler [Testing]] - System.err - at scala.tools.nsc.util.InterruptReq.execute(InterruptReq.scala:26)
2017-12-17 19:50:27,163 ERROR [Scala Presentation Compiler [Testing]] - System.err - at scala.tools.nsc.interactive.Global.$anonfun$pollForWork$1(Global.scala:444)
2017-12-17 19:50:27,163 ERROR [Scala Presentation Compiler [Testing]] - System.err - at scala.tools.nsc.interactive.Global.pollForWork(Global.scala:418)
2017-12-17 19:50:27,163 ERROR [Scala Presentation Compiler [Testing]] - System.err - at scala.tools.nsc.interactive.PresentationCompilerThread.run(PresentationCompilerThread.scala:22)
2017-12-17 19:50:30,369  WARN [Worker-1] - ScalaProject - Project Testing has platform default sourceLevel.
2017-12-17 19:50:30,370  WARN [Worker-1] - ScalaProject - Project Testing runs on platform default installation.
2017-12-17 19:51:04,959  WARN [Worker-6] - ScalaProject - Project Testing has platform default sourceLevel.
2017-12-17 19:51:04,959  WARN [Worker-6] - ScalaProject - Project Testing runs on platform default installation.
2017-12-17 19:51:06,868  WARN [Worker-4] - ScalaProject - Project Testing has platform default sourceLevel.
2017-12-17 19:51:06,868  WARN [Worker-4] - ScalaProject - Project Testing runs on platform default installation.
2017-12-17 19:51:54,771  WARN [Worker-2] - ScalaProject - Project Testing has platform default sourceLevel.
2017-12-17 19:51:54,771  WARN [Worker-2] - ScalaProject - Project Testing runs on platform default installation.
2017-12-17 19:51:56,661  WARN [Worker-3] - ScalaProject - Project Testing has platform default sourceLevel.
2017-12-17 19:51:56,662  WARN [Worker-3] - ScalaProject - Project Testing runs on platform default installation.
2017-12-17 19:52:51,950  WARN [Worker-6] - ScalaProject - Project Testing has platform default sourceLevel.
2017-12-17 19:52:51,950  WARN [Worker-6] - ScalaProject - Project Testing runs on platform default installation.
2017-12-17 19:52:53,854  WARN [Worker-5] - ScalaProject - Project Testing has platform default sourceLevel.
2017-12-17 19:52:53,854  WARN [Worker-5] - ScalaProject - Project Testing runs on platform default installation.
2017-12-17 19:53:38,109  WARN [Worker-4] - ScalaProject - Project Testing has platform default sourceLevel.
2017-12-17 19:53:38,109  WARN [Worker-4] - ScalaProject - Project Testing runs on platform default installation.
2017-12-17 19:53:39,980  WARN [Worker-5] - ScalaProject - Project Testing has platform default sourceLevel.
2017-12-17 19:53:39,980  WARN [Worker-5] - ScalaProject - Project Testing runs on platform default installation.
2017-12-17 19:53:49,588  WARN [Worker-6] - ScalaProject - Project Testing has platform default sourceLevel.
2017-12-17 19:53:49,588  WARN [Worker-6] - ScalaProject - Project Testing runs on platform default installation.
2017-12-17 19:53:51,264  WARN [Worker-2] - ScalaProject - Project Testing has platform default sourceLevel.
2017-12-17 19:53:51,264  WARN [Worker-2] - ScalaProject - Project Testing runs on platform default installation.
2017-12-17 19:53:59,539  WARN [Worker-1] - ScalaProject - Project Testing has platform default sourceLevel.
2017-12-17 19:53:59,539  WARN [Worker-1] - ScalaProject - Project Testing runs on platform default installation.
2017-12-17 19:54:01,309  WARN [Worker-2] - ScalaProject - Project Testing has platform default sourceLevel.
2017-12-17 19:54:01,310  WARN [Worker-2] - ScalaProject - Project Testing runs on platform default installation.
2017-12-17 19:54:11,290  WARN [Worker-3] - ScalaProject - Project Testing has platform default sourceLevel.
2017-12-17 19:54:11,291  WARN [Worker-3] - ScalaProject - Project Testing runs on platform default installation.
2017-12-17 19:54:13,158  WARN [Worker-6] - ScalaProject - Project Testing has platform default sourceLevel.
2017-12-17 19:54:13,158  WARN [Worker-6] - ScalaProject - Project Testing runs on platform default installation.
2017-12-17 19:54:34,107  WARN [Worker-3] - ScalaProject - Project Testing has platform default sourceLevel.
2017-12-17 19:54:34,107  WARN [Worker-3] - ScalaProject - Project Testing runs on platform default installation.
2017-12-17 19:54:35,881  WARN [Worker-3] - ScalaProject - Project Testing has platform default sourceLevel.
2017-12-17 19:54:35,881  WARN [Worker-3] - ScalaProject - Project Testing runs on platform default installation.
2017-12-17 19:54:56,972  WARN [Worker-4] - ScalaProject - Project Testing has platform default sourceLevel.
2017-12-17 19:54:56,972  WARN [Worker-4] - ScalaProject - Project Testing runs on platform default installation.
2017-12-17 19:54:58,656  WARN [Worker-0] - ScalaProject - Project Testing has platform default sourceLevel.
2017-12-17 19:54:58,657  WARN [Worker-0] - ScalaProject - Project Testing runs on platform default installation.
2017-12-17 19:55:04,847  WARN [Worker-3] - ScalaProject - Project Testing has platform default sourceLevel.
2017-12-17 19:55:04,847  WARN [Worker-3] - ScalaProject - Project Testing runs on platform default installation.
2017-12-17 19:55:06,579  WARN [Worker-0] - ScalaProject - Project Testing has platform default sourceLevel.
2017-12-17 19:55:06,579  WARN [Worker-0] - ScalaProject - Project Testing runs on platform default installation.
2017-12-17 19:55:45,166  WARN [Worker-1] - ScalaProject - Project Testing has platform default sourceLevel.
2017-12-17 19:55:45,166  WARN [Worker-1] - ScalaProject - Project Testing runs on platform default installation.
2017-12-17 19:55:46,829  WARN [Worker-3] - ScalaProject - Project Testing has platform default sourceLevel.
2017-12-17 19:55:46,829  WARN [Worker-3] - ScalaProject - Project Testing runs on platform default installation.
2017-12-17 19:56:08,304  WARN [Worker-4] - ScalaProject - Project Testing has platform default sourceLevel.
2017-12-17 19:56:08,304  WARN [Worker-4] - ScalaProject - Project Testing runs on platform default installation.
2017-12-17 19:56:10,033  WARN [Worker-3] - ScalaProject - Project Testing has platform default sourceLevel.
2017-12-17 19:56:10,033  WARN [Worker-3] - ScalaProject - Project Testing runs on platform default installation.
2017-12-17 19:56:21,981  WARN [Worker-0] - ScalaProject - Project Testing has platform default sourceLevel.
2017-12-17 19:56:21,981  WARN [Worker-0] - ScalaProject - Project Testing runs on platform default installation.
2017-12-17 19:56:23,729  WARN [Worker-0] - ScalaProject - Project Testing has platform default sourceLevel.
2017-12-17 19:56:23,729  WARN [Worker-0] - ScalaProject - Project Testing runs on platform default installation.
2017-12-17 19:56:33,198  WARN [Worker-4] - ScalaProject - Project Testing has platform default sourceLevel.
2017-12-17 19:56:33,198  WARN [Worker-4] - ScalaProject - Project Testing runs on platform default installation.
2017-12-17 19:56:34,923  WARN [Worker-3] - ScalaProject - Project Testing has platform default sourceLevel.
2017-12-17 19:56:34,923  WARN [Worker-3] - ScalaProject - Project Testing runs on platform default installation.
2017-12-17 19:56:53,368  WARN [Worker-6] - ScalaProject - Project Testing has platform default sourceLevel.
2017-12-17 19:56:53,369  WARN [Worker-6] - ScalaProject - Project Testing runs on platform default installation.
2017-12-17 19:56:55,122  WARN [Worker-0] - ScalaProject - Project Testing has platform default sourceLevel.
2017-12-17 19:56:55,122  WARN [Worker-0] - ScalaProject - Project Testing runs on platform default installation.
2017-12-17 19:57:18,403  WARN [Worker-3] - ScalaProject - Project Testing has platform default sourceLevel.
2017-12-17 19:57:18,403  WARN [Worker-3] - ScalaProject - Project Testing runs on platform default installation.
2017-12-17 19:57:20,158  WARN [Worker-4] - ScalaProject - Project Testing has platform default sourceLevel.
2017-12-17 19:57:20,159  WARN [Worker-4] - ScalaProject - Project Testing runs on platform default installation.
2017-12-17 19:57:35,963  WARN [Worker-4] - ScalaProject - Project Testing has platform default sourceLevel.
2017-12-17 19:57:35,963  WARN [Worker-4] - ScalaProject - Project Testing runs on platform default installation.
2017-12-17 19:57:37,705  WARN [Worker-3] - ScalaProject - Project Testing has platform default sourceLevel.
2017-12-17 19:57:37,705  WARN [Worker-3] - ScalaProject - Project Testing runs on platform default installation.
2017-12-17 19:57:51,058  WARN [Worker-1] - ScalaProject - Project Testing has platform default sourceLevel.
2017-12-17 19:57:51,058  WARN [Worker-1] - ScalaProject - Project Testing runs on platform default installation.
2017-12-17 19:57:52,694  WARN [Worker-4] - ScalaProject - Project Testing has platform default sourceLevel.
2017-12-17 19:57:52,694  WARN [Worker-4] - ScalaProject - Project Testing runs on platform default installation.
2017-12-17 19:58:30,831  WARN [Worker-4] - ScalaProject - Project Testing has platform default sourceLevel.
2017-12-17 19:58:30,831  WARN [Worker-4] - ScalaProject - Project Testing runs on platform default installation.
2017-12-17 19:58:32,615  WARN [Worker-4] - ScalaProject - Project Testing has platform default sourceLevel.
2017-12-17 19:58:32,615  WARN [Worker-4] - ScalaProject - Project Testing runs on platform default installation.
2017-12-17 19:58:46,775  WARN [Worker-6] - ScalaProject - Project Testing has platform default sourceLevel.
2017-12-17 19:58:46,775  WARN [Worker-6] - ScalaProject - Project Testing runs on platform default installation.
2017-12-17 19:58:48,526  WARN [Worker-4] - ScalaProject - Project Testing has platform default sourceLevel.
2017-12-17 19:58:48,527  WARN [Worker-4] - ScalaProject - Project Testing runs on platform default installation.
2017-12-17 19:58:54,030  WARN [Worker-0] - ScalaProject - Project Testing has platform default sourceLevel.
2017-12-17 19:58:54,030  WARN [Worker-0] - ScalaProject - Project Testing runs on platform default installation.
2017-12-17 19:58:55,773  WARN [Worker-6] - ScalaProject - Project Testing has platform default sourceLevel.
2017-12-17 19:58:55,773  WARN [Worker-6] - ScalaProject - Project Testing runs on platform default installation.
2017-12-17 19:59:29,682  WARN [Worker-4] - ScalaProject - Project Testing has platform default sourceLevel.
2017-12-17 19:59:29,682  WARN [Worker-4] - ScalaProject - Project Testing runs on platform default installation.
2017-12-17 19:59:31,409  WARN [Worker-0] - ScalaProject - Project Testing has platform default sourceLevel.
2017-12-17 19:59:31,409  WARN [Worker-0] - ScalaProject - Project Testing runs on platform default installation.
